<?xml version="1.0" encoding="UTF-8"?>
<testsuite name="com.example.DeploymentHandlerTest" tests="3" skipped="0" failures="0" errors="0" timestamp="2025-10-15T23:48:42.904Z" hostname="kxk78180s-Mac-mini.local" time="0.642">
  <properties/>
  <testcase name="whenLargeProtobufRequest_shouldRejectRequest()" classname="com.example.DeploymentHandlerTest" time="0.637"/>
  <testcase name="whenNonProtobufRequest_shouldProcessNormally()" classname="com.example.DeploymentHandlerTest" time="0.002"/>
  <testcase name="whenValidProtobufRequest_shouldProcessRequest()" classname="com.example.DeploymentHandlerTest" time="0.002"/>
  <system-out><![CDATA[]]></system-out>
  <system-err><![CDATA[WARNING: A Java agent has been loaded dynamically (/Users/kxk78180/.gradle/caches/modules-2/files-2.1/net.bytebuddy/byte-buddy-agent/1.14.5/20f4e9b9d0ffb953657bfa4b92c0cceb27907d58/byte-buddy-agent-1.14.5.jar)
WARNING: If a serviceability tool is in use, please run with -XX:+EnableDynamicAgentLoading to hide this warning
WARNING: If a serviceability tool is not in use, please run with -Djdk.instrument.traceUsage for more information
WARNING: Dynamic loading of agents will be disallowed by default in a future release
]]></system-err>
</testsuite>
