<?xml version="1.0" encoding="UTF-8"?>
<testsuite name="com.example.validator.RequestValidatorTest" tests="4" skipped="0" failures="0" errors="0" timestamp="2025-10-15T23:48:43.547Z" hostname="kxk78180s-Mac-mini.local" time="0.013">
  <properties/>
  <testcase name="whenValidProtobufRequest_shouldReturnTrue()" classname="com.example.validator.RequestValidatorTest" time="0.003"/>
  <testcase name="whenProtobufRequestExceedsMaxSize_shouldReturnFalse()" classname="com.example.validator.RequestValidatorTest" time="0.006"/>
  <testcase name="whenNotProtobufRequest_shouldReturnTrue()" classname="com.example.validator.RequestValidatorTest" time="0.001"/>
  <testcase name="whenProtobufRequestWithNoBody_shouldReturnFalse()" classname="com.example.validator.RequestValidatorTest" time="0.001"/>
  <system-out><![CDATA[]]></system-out>
  <system-err><![CDATA[]]></system-err>
</testsuite>
